#
# There is insufficient memory for the Java Runtime Environment to continue.
# Native memory allocation (malloc) failed to allocate 1048576 bytes for AllocateHeap
# Possible reasons:
#   The system is out of physical RAM or swap space
#   In 32 bit mode, the process size limit was hit
# Possible solutions:
#   Reduce memory load on the system
#   Increase physical memory or swap space
#   Check if swap backing store is full
#   Use 64 bit Java on a 64 bit OS
#   Decrease Java heap size (-Xmx/-Xms)
#   Decrease number of Java threads
#   Decrease Java thread stack sizes (-Xss)
#   Set larger code cache with -XX:ReservedCodeCacheSize=
# This output file may be truncated or incomplete.
#
#  Out of Memory Error (memory/allocation.inline.hpp:61), pid=18892, tid=0x00000000000019fc
#
# JRE version:  (8.0_111-b14) (build )
# Java VM: Java HotSpot(TM) 64-Bit Server VM (25.111-b14 mixed mode windows-amd64 compressed oops)
# Failed to write core dump. Minidumps are not enabled by default on client versions of Windows
#

---------------  T H R E A D  ---------------

Current thread (0x0000000002cce000):  JavaThread "Unknown thread" [_thread_in_vm, id=6652, stack(0x0000000002cd0000,0x0000000002dd0000)]

Stack: [0x0000000002cd0000,0x0000000002dd0000]
[error occurred during error reporting (printing stack bounds), id 0xc0000005]

Native frames: (J=compiled Java code, j=interpreted, Vv=VM code, C=native code)


---------------  P R O C E S S  ---------------

Java Threads: ( => current thread )

Other Threads:

=>0x0000000002cce000 (exited) JavaThread "Unknown thread" [_thread_in_vm, id=6652, stack(0x0000000002cd0000,0x0000000002dd0000)]

VM state:not at safepoint (normal execution)

VM Mutex/Monitor currently owned by a thread: None

Heap:
 PSYoungGen      total 75776K, used 1300K [0x000000076b700000, 0x0000000770b80000, 0x00000007c0000000)
  eden space 65024K, 2% used [0x000000076b700000,0x000000076b8451f8,0x000000076f680000)
  from space 10752K, 0% used [0x0000000770100000,0x0000000770100000,0x0000000770b80000)
  to   space 10752K, 0% used [0x000000076f680000,0x000000076f680000,0x0000000770100000)
 ParOldGen       total 173568K, used 0K [0x00000006c2400000, 0x00000006ccd80000, 0x000000076b700000)
  object space 173568K, 0% used [0x00000006c2400000,0x00000006c2400000,0x00000006ccd80000)
 Metaspace       used 783K, capacity 1092K, committed 1152K, reserved 1060864K
  class space    used 75K, capacity 384K, committed 384K, reserved 1048576K

Card table byte_map: [0x0000000012290000,0x0000000012a80000] byte_map_base: 0x000000000ec7e000

Marking Bits: (ParMarkBitMap*) 0x00000000533fa6c0
 Begin Bits: [0x00000000139d0000, 0x0000000017940000)
 End Bits:   [0x0000000017940000, 0x000000001b8b0000)

Polling page: 0x00000000012a0000

CodeCache: size=245760Kb used=328Kb max_used=328Kb free=245431Kb
 bounds [0x0000000002ed0000, 0x0000000003140000, 0x0000000011ed0000]
 total_blobs=58 nmethods=0 adapters=38
 compilation: enabled

Compilation events (0 events):
No events

GC Heap History (0 events):
No events

Deoptimization events (0 events):
No events

Internal exceptions (0 events):
No events

Events (10 events):
Event: 0.027 loading class java/lang/Short
Event: 0.027 loading class java/lang/Short done
Event: 0.027 loading class java/lang/Integer
Event: 0.027 loading class java/lang/Integer done
Event: 0.027 loading class java/lang/Long
Event: 0.027 loading class java/lang/Long done
Event: 0.027 loading class java/lang/NullPointerException
Event: 0.027 loading class java/lang/NullPointerException done
Event: 0.027 loading class java/lang/ArithmeticException
Event: 0.027 loading class java/lang/ArithmeticException done


Dynamic libraries:
0x00007ff6a3890000 - 0x00007ff6a38c7000 	C:\Program Files\Java\jdk1.8.0_111\bin\java.exe
0x00007ff92d180000 - 0x00007ff92d389000 	C:\WINDOWS\SYSTEM32\ntdll.dll
0x00007ff92bee0000 - 0x00007ff92bf9d000 	C:\WINDOWS\System32\KERNEL32.DLL
0x00007ff92ab50000 - 0x00007ff92aec4000 	C:\WINDOWS\System32\KERNELBASE.dll
0x00007ff92c5e0000 - 0x00007ff92c68e000 	C:\WINDOWS\System32\ADVAPI32.dll
0x00007ff92b2f0000 - 0x00007ff92b393000 	C:\WINDOWS\System32\msvcrt.dll
0x00007ff92b020000 - 0x00007ff92b0be000 	C:\WINDOWS\System32\sechost.dll
0x00007ff92b3a0000 - 0x00007ff92b4c0000 	C:\WINDOWS\System32\RPCRT4.dll
0x00007ff92bfa0000 - 0x00007ff92c14c000 	C:\WINDOWS\System32\USER32.dll
0x00007ff92aed0000 - 0x00007ff92aef6000 	C:\WINDOWS\System32\win32u.dll
0x00007ff92b1d0000 - 0x00007ff92b1f9000 	C:\WINDOWS\System32\GDI32.dll
0x00007ff92a7e0000 - 0x00007ff92a8f2000 	C:\WINDOWS\System32\gdi32full.dll
0x00007ff92a9c0000 - 0x00007ff92aa5d000 	C:\WINDOWS\System32\msvcp_win.dll
0x00007ff92af00000 - 0x00007ff92b011000 	C:\WINDOWS\System32\ucrtbase.dll
0x00007ff912a50000 - 0x00007ff912cf5000 	C:\WINDOWS\WinSxS\amd64_microsoft.windows.common-controls_6595b64144ccf1df_6.0.22000.120_none_9d947278b86cc467\COMCTL32.dll
0x00007ff92c5a0000 - 0x00007ff92c5d1000 	C:\WINDOWS\System32\IMM32.DLL
0x0000000050e30000 - 0x0000000050f02000 	C:\Program Files\Java\jdk1.8.0_111\jre\bin\msvcr100.dll
0x0000000052be0000 - 0x000000005347a000 	C:\Program Files\Java\jdk1.8.0_111\jre\bin\server\jvm.dll
0x00007ff92b4c0000 - 0x00007ff92b4c8000 	C:\WINDOWS\System32\PSAPI.DLL
0x00007ff90eac0000 - 0x00007ff90eac9000 	C:\WINDOWS\SYSTEM32\WSOCK32.dll
0x00007ff91a030000 - 0x00007ff91a063000 	C:\WINDOWS\SYSTEM32\WINMM.dll
0x00007ff9211b0000 - 0x00007ff9211ba000 	C:\WINDOWS\SYSTEM32\VERSION.dll
0x00007ff92bd50000 - 0x00007ff92bdbf000 	C:\WINDOWS\System32\WS2_32.dll
0x0000000052af0000 - 0x0000000052aff000 	C:\Program Files\Java\jdk1.8.0_111\jre\bin\verify.dll
0x0000000052ac0000 - 0x0000000052ae9000 	C:\Program Files\Java\jdk1.8.0_111\jre\bin\java.dll
0x0000000052aa0000 - 0x0000000052ab6000 	C:\Program Files\Java\jdk1.8.0_111\jre\bin\zip.dll

VM Arguments:
java_command: <unknown>
java_class_path (initial): .
Launcher Type: SUN_STANDARD

Environment Variables:
JAVA_HOME=C:\Program Files\Java\jdk1.8.0_111
USERNAME=yassin
OS=Windows_NT
PROCESSOR_IDENTIFIER=Intel64 Family 6 Model 158 Stepping 10, GenuineIntel



---------------  S Y S T E M  ---------------

OS: Windows 10.0 , 64 bit Build 22000 (10.0.22000.434)

CPU:total 12 (6 cores per cpu, 2 threads per core) family 6 model 158 stepping 10, cmov, cx8, fxsr, mmx, sse, sse2, sse3, ssse3, sse4.1, sse4.2, popcnt, avx, avx2, aes, clmul, erms, 3dnowpref, lzcnt, ht, tsc, tscinvbit, bmi1, bmi2, adx

Memory: 4k page, physical 16624412k(3940968k free), swap 22995116k(6140k free)

vm_info: Java HotSpot(TM) 64-Bit Server VM (25.111-b14) for windows-amd64 JRE (1.8.0_111-b14), built on Sep 22 2016 19:24:05 by "java_re" with MS VC++ 10.0 (VS2010)

time: Thu Feb 24 03:08:48 2022
elapsed time: 0 seconds (0d 0h 0m 0s)

